<?xml version="1.0" encoding="UTF-8"?>
<testng-results ignored="0" total="1" passed="1" failed="0" skipped="0">
  <reporter-output>
  </reporter-output>
  <suite started-at="2021-06-18T22:01:29 CEST" name="Surefire suite" finished-at="2021-06-18T22:01:36 CEST" duration-ms="7772">
    <groups>
    </groups>
    <test started-at="2021-06-18T22:01:29 CEST" name="Surefire test" finished-at="2021-06-18T22:01:36 CEST" duration-ms="7772">
      <class name="sel.AppTest">
        <test-method is-config="true" signature="setupClass()[pri:0, instance:sel.AppTest@7b9a4292]" started-at="2021-06-18T22:01:29 CEST" name="setupClass" finished-at="2021-06-18T22:01:33 CEST" duration-ms="4789" status="PASS">
          <reporter-output>
          </reporter-output>
        </test-method> <!-- setupClass -->
        <test-method is-config="true" signature="setupTest()[pri:0, instance:sel.AppTest@7b9a4292]" started-at="2021-06-18T22:01:33 CEST" name="setupTest" finished-at="2021-06-18T22:01:36 CEST" duration-ms="2874" status="PASS">
          <reporter-output>
          </reporter-output>
        </test-method> <!-- setupTest -->
        <test-method signature="shouldAnswerWithTrue()[pri:0, instance:sel.AppTest@7b9a4292]" started-at="2021-06-18T22:01:36 CEST" name="shouldAnswerWithTrue" finished-at="2021-06-18T22:01:36 CEST" duration-ms="4" status="PASS">
          <reporter-output>
          </reporter-output>
        </test-method> <!-- shouldAnswerWithTrue -->
        <test-method is-config="true" signature="teardown()[pri:0, instance:sel.AppTest@7b9a4292]" started-at="2021-06-18T22:01:36 CEST" name="teardown" finished-at="2021-06-18T22:01:36 CEST" duration-ms="81" status="PASS">
          <reporter-output>
          </reporter-output>
        </test-method> <!-- teardown -->
      </class> <!-- sel.AppTest -->
    </test> <!-- Surefire test -->
  </suite> <!-- Surefire suite -->
</testng-results>
